{"numTotalTestSuites":3,"numPassedTestSuites":3,"numFailedTestSuites":0,"numPendingTestSuites":0,"numTotalTests":2,"numPassedTests":2,"numFailedTests":0,"numPendingTests":0,"numTodoTests":0,"snapshot":{"added":0,"failure":false,"filesAdded":0,"filesRemoved":0,"filesRemovedList":[],"filesUnmatched":0,"filesUpdated":0,"matched":0,"total":0,"unchecked":0,"uncheckedKeysByFile":[],"unmatched":0,"updated":0,"didUpdate":false},"startTime":1789434661629,"success":true,"testResults":[{"assertionResults":[{"ancestorTitles":["debug"],"fullName":"debug идемпотентность: первый символ расхождения","status":"passed","title":"идемпотентность: первый символ расхождения","duration":25.1832,"failureMessages":[],"meta":{},"tags":[],"benchmarks":[]},{"ancestorTitles":["debug2"],"fullName":"debug2 direct apply","status":"passed","title":"direct apply","duration":1.3571999999999775,"failureMessages":[],"meta":{},"tags":[],"benchmarks":[]}],"startTime":1789434662134,"endTime":1789434662161.3572,"status":"passed","message":"","name":"C:/OpenServer/domains/tipografych/src/features/typography/__tests__/debug.test.ts"}]}